{"C:\\Users\\Tanvi Patil\\Documents\\Tanvi\\UNCC\\Senior Year\\ITIS 4166\\dev\\unit-testing-jest\\js\\cloneArray.js": {"path":"C:\\Users\\Tanvi Patil\\Documents\\Tanvi\\UNCC\\Senior Year\\ITIS 4166\\dev\\unit-testing-jest\\js\\cloneArray.js","statementMap":{"0":{"start":{"line":2,"column":4},"end":{"line":2,"column":21}},"1":{"start":{"line":5,"column":0},"end":{"line":5,"column":27}}},"fnMap":{"0":{"name":"cloneArray","decl":{"start":{"line":1,"column":9},"end":{"line":1,"column":19}},"loc":{"start":{"line":1,"column":26},"end":{"line":3,"column":1}},"line":1}},"branchMap":{},"s":{"0":2,"1":1},"f":{"0":2},"b":{},"_coverageSchema":"1a1c01bbd47fc00a2c39e90264f33305004495a9","hash":"990248ba014acc8a5213bcc9f3cef11cedfdd488"}
,"C:\\Users\\Tanvi Patil\\Documents\\Tanvi\\UNCC\\Senior Year\\ITIS 4166\\dev\\unit-testing-jest\\js\\subtract.js": {"path":"C:\\Users\\Tanvi Patil\\Documents\\Tanvi\\UNCC\\Senior Year\\ITIS 4166\\dev\\unit-testing-jest\\js\\subtract.js","statementMap":{"0":{"start":{"line":2,"column":4},"end":{"line":2,"column":16}},"1":{"start":{"line":6,"column":0},"end":{"line":6,"column":25}}},"fnMap":{"0":{"name":"subtract","decl":{"start":{"line":1,"column":9},"end":{"line":1,"column":17}},"loc":{"start":{"line":1,"column":23},"end":{"line":4,"column":1}},"line":1}},"branchMap":{},"s":{"0":1,"1":1},"f":{"0":1},"b":{},"_coverageSchema":"1a1c01bbd47fc00a2c39e90264f33305004495a9","hash":"d4998676ebb3e4977f9333955249aea9c0076e3d"}
,"C:\\Users\\Tanvi Patil\\Documents\\Tanvi\\UNCC\\Senior Year\\ITIS 4166\\dev\\unit-testing-jest\\js\\sum.js": {"path":"C:\\Users\\Tanvi Patil\\Documents\\Tanvi\\UNCC\\Senior Year\\ITIS 4166\\dev\\unit-testing-jest\\js\\sum.js","statementMap":{"0":{"start":{"line":2,"column":4},"end":{"line":2,"column":16}},"1":{"start":{"line":5,"column":0},"end":{"line":5,"column":20}}},"fnMap":{"0":{"name":"sum","decl":{"start":{"line":1,"column":9},"end":{"line":1,"column":12}},"loc":{"start":{"line":1,"column":20},"end":{"line":4,"column":1}},"line":1}},"branchMap":{},"s":{"0":1,"1":1},"f":{"0":1},"b":{},"_coverageSchema":"1a1c01bbd47fc00a2c39e90264f33305004495a9","hash":"3e7c57df25e41a0f1af82144796acb3b317ff4c9"}
}
